<?xml version="1.0" encoding="utf-8"?><testsuites name="pytest tests"><testsuite name="pytest" errors="0" failures="0" skipped="0" tests="8" time="11.040" timestamp="2026-07-20T19:30:59.969672+00:00" hostname="agent-env-20664782-df76-4e34-988d-ca3c20e2a41c"><testcase classname="tests.backend_test.TestLeads" name="test_create_lead_and_list_contains_it" time="0.406" /><testcase classname="tests.backend_test.TestChat" name="test_chat_reply_mentions_plots" time="3.350" /><testcase classname="tests.backend_test.TestLeads" name="test_create_lead_minimal" time="0.084" /><testcase classname="tests.backend_test.TestBrochure" name="test_brochure_request_creates_lead" time="0.168" /><testcase classname="tests.backend_test.TestBrochure" name="test_brochure_invalid_email" time="0.091" /><testcase classname="tests.backend_test.TestHealth" name="test_root" time="0.074" /><testcase classname="tests.backend_test.TestChat" name="test_chat_followup_has_context" time="6.614" /><testcase classname="tests.backend_test.TestChat" name="test_chat_history" time="0.553" /></testsuite></testsuites>